System Log#0001

[EXFAT]
系统自检....
Celestio............Suc
Signol..........Suc
Signist..........Suc
Signer.................Suc
Tuc.........Suc
......Suc
创建进程......Suc
启动加载项....Suc
EXFAT启动！
计划任务配置....Suc
扫描端口..........Suc
连接端口...Suc
[CHEC]
检测到外部连接
系统启动.............................Suc
系统自检....
左侧肢体构件......Fine
右侧肢体构件......Fine
神经元结构.....................Fine
.....Suc
尝试连接....Suc
移交权限..........Suc
[EXFAT]
检测到连接
检测到权限移交
检测到元件[CHEC]
已连接
加载视觉配件......Suc
加载音频配件....Suc
加载显示配件......Suc
兼容性调整................Suc
检查完整性.......Suc
检查证书及签名..........Suc
全面能源供应.......Suc
*Celestio已启动
*EXFAT接管权限
[Illavemaredefen]
Copyright ©2020 SignolBio.Inc
All rights reserved.
System Boot completely
Unit"Sint"Installed
Scanning......Suc
Connecting.......Suc
Tasks updating.......Suc
Language pack installing.......Suc
Language: Chinese
验证签名中....完成
验证密钥中.......完成
Illavemaredefen系统初始化完毕.
Sint接管权限
Account Retro 升级为最高权限拥有者
Illavemaredefen 升级为第二级权限拥有者
Automatic mode enable.
Sint disconnected.
机体运行开始
视觉模块加载中.....
摄像头已开启
图像处理模块已开启
超声波测距仪已开启
地形处理模块已开启
....Suc
听觉模块加载中...
麦克风已开启
音频处理模块已开启
定向声场附件已开启
扬声器已开启
....Suc
嗅觉模块加载中...
气体分子捕获器已开启
催化剂已装载
气味处理模块已开启
...Suc
能源供给正常
液压装置工作正常
处理中枢工作正常
机体已唤醒。

